Determining if the pthread_create exist failed with the following output:
Change Dir: /home/ubuntu/good_ws/build/CMakeFiles/CMakeTmp

Run Build Command:/usr/bin/make "cmTryCompileExec2310787825/fast"
/usr/bin/make -f CMakeFiles/cmTryCompileExec2310787825.dir/build.make CMakeFiles/cmTryCompileExec2310787825.dir/build
make[1]: Entering directory `/home/ubuntu/good_ws/build/CMakeFiles/CMakeTmp'
/usr/bin/cmake -E cmake_progress_report /home/ubuntu/good_ws/build/CMakeFiles/CMakeTmp/CMakeFiles 1
Building C object CMakeFiles/cmTryCompileExec2310787825.dir/CheckSymbolExists.c.o
/usr/bin/cc    -o CMakeFiles/cmTryCompileExec2310787825.dir/CheckSymbolExists.c.o   -c /home/ubuntu/good_ws/build/CMakeFiles/CMakeTmp/CheckSymbolExists.c
Linking C executable cmTryCompileExec2310787825
/usr/bin/cmake -E cmake_link_script CMakeFiles/cmTryCompileExec2310787825.dir/link.txt --verbose=1
/usr/bin/cc       CMakeFiles/cmTryCompileExec2310787825.dir/CheckSymbolExists.c.o  -o cmTryCompileExec2310787825 -rdynamic 
CMakeFiles/cmTryCompileExec2310787825.dir/CheckSymbolExists.c.o: In function `main':
CheckSymbolExists.c:(.text+0xe): undefined reference to `pthread_create'
CheckSymbolExists.c:(.text+0x12): undefined reference to `pthread_create'
make[1]: Leaving directory `/home/ubuntu/good_ws/build/CMakeFiles/CMakeTmp'
collect2: error: ld returned 1 exit status
make[1]: *** [cmTryCompileExec2310787825] Error 1
make: *** [cmTryCompileExec2310787825/fast] Error 2

File /home/ubuntu/good_ws/build/CMakeFiles/CMakeTmp/CheckSymbolExists.c:
/* */
#include <pthread.h>

int main(int argc, char** argv)
{
  (void)argv;
#ifndef pthread_create
  return ((int*)(&pthread_create))[argc];
#else
  (void)argc;
  return 0;
#endif
}

Determining if the function pthread_create exists in the pthreads failed with the following output:
Change Dir: /home/ubuntu/good_ws/build/CMakeFiles/CMakeTmp

Run Build Command:/usr/bin/make "cmTryCompileExec4160827766/fast"
/usr/bin/make -f CMakeFiles/cmTryCompileExec4160827766.dir/build.make CMakeFiles/cmTryCompileExec4160827766.dir/build
make[1]: Entering directory `/home/ubuntu/good_ws/build/CMakeFiles/CMakeTmp'
make[1]: Warning: File `/usr/share/cmake-2.8/Modules/CheckFunctionExists.c' has modification time 1.4e+09 s in the future
/usr/bin/cmake -E cmake_progress_report /home/ubuntu/good_ws/build/CMakeFiles/CMakeTmp/CMakeFiles 1
Building C object CMakeFiles/cmTryCompileExec4160827766.dir/CheckFunctionExists.c.o
/usr/bin/cc   -DCHECK_FUNCTION_EXISTS=pthread_create   -o CMakeFiles/cmTryCompileExec4160827766.dir/CheckFunctionExists.c.o   -c /usr/share/cmake-2.8/Modules/CheckFunctionExists.c
Linking C executable cmTryCompileExec4160827766
/usr/bin/cmake -E cmake_link_script CMakeFiles/cmTryCompileExec4160827766.dir/link.txt --verbose=1
/usr/bin/cc   -DCHECK_FUNCTION_EXISTS=pthread_create    CMakeFiles/cmTryCompileExec4160827766.dir/CheckFunctionExists.c.o  -o cmTryCompileExec4160827766 -rdynamic -lpthreads 
/usr/bin/ld: cannot find -lpthreads
make[1]: Leaving directory `/home/ubuntu/good_ws/build/CMakeFiles/CMakeTmp'
collect2: error: ld returned 1 exit status
make[1]: *** [cmTryCompileExec4160827766] Error 1
make: *** [cmTryCompileExec4160827766/fast] Error 2


